<?xml version="1.0" encoding="utf-8"?><testsuites name="pytest tests"><testsuite name="pytest" errors="0" failures="0" skipped="0" tests="20" time="9.994" timestamp="2026-06-05T14:48:16.402869-04:00" hostname="WS1TYLPF5MT9QM"><testcase classname="tests.api.test_auth" name="test_user_can_login_and_receive_token" time="0.609" /><testcase classname="tests.api.test_auth" name="test_login_fails_with_wrong_password" time="0.548" /><testcase classname="tests.api.test_orders" name="test_protected_order_endpoint_requires_token" time="0.082" /><testcase classname="tests.api.test_orders" name="test_user_cannot_modify_another_users_order" time="0.921" /><testcase classname="tests.api.test_orders" name="test_add_item_fails_when_stock_is_insufficient" time="0.616" /><testcase classname="tests.api.test_orders" name="test_cannot_pay_empty_order" time="0.502" /><testcase classname="tests.api.test_orders" name="test_cannot_ship_order_that_is_not_paid" time="0.886" /><testcase classname="tests.api.test_orders" name="test_user_cannot_cancel_another_users_order" time="0.482" /><testcase classname="tests.api.test_products" name="test_create_product" time="0.077" /><testcase classname="tests.api.test_products" name="test_create_product_invalid_input[payload0]" time="0.093" /><testcase classname="tests.api.test_products" name="test_create_product_invalid_input[payload1]" time="0.114" /><testcase classname="tests.api.test_products" name="test_create_product_invalid_input[payload2]" time="0.108" /><testcase classname="tests.api.test_products" name="test_create_product_duplicate_name" time="0.108" /><testcase classname="tests.api.test_users" name="test_create_user" time="0.290" /><testcase classname="tests.db.test_stock_updates" name="test_cancelling_order_restores_stock" time="0.623" /><testcase classname="tests.workflows.test_cancellation_workflow" name="test_user_can_cancel_created_order" time="0.496" /><testcase classname="tests.workflows.test_cancellation_workflow" name="test_cannot_cancel_shipped_order" time="0.970" /><testcase classname="tests.workflows.test_order_lifecycle" name="test_authenticated_user_can_create_order" time="0.496" /><testcase classname="tests.workflows.test_order_lifecycle" name="test_user_can_create_order_add_item_and_pay" time="0.505" /><testcase classname="tests.workflows.test_order_lifecycle" name="test_admin_can_ship_paid_order" time="0.903" /></testsuite></testsuites>